#
# A fatal error has been detected by the Java Runtime Environment:
#
#  EXCEPTION_ACCESS_VIOLATION (0xc0000005) at pc=0x00007ff92c22b319, pid=13376, tid=15180
#
# JRE version: OpenJDK Runtime Environment Temurin-21.0.4+7 (21.0.4+7) (build 21.0.4+7-LTS)
# Java VM: OpenJDK 64-Bit Server VM Temurin-21.0.4+7 (21.0.4+7-LTS, mixed mode, sharing, tiered, compressed oops, compressed class ptrs, g1 gc, windows-amd64)
# Problematic frame:
# C  [awt.dll+0xdb319]
#
# No core dump will be written. Minidumps are not enabled by default on client versions of Windows
#
# If you would like to submit a bug report, please visit:
#   https://github.com/adoptium/adoptium-support/issues
# The crash happened outside the Java Virtual Machine in native code.
# See problematic frame for where to report the bug.
#

---------------  S U M M A R Y ------------

Command Line: -ea -agentlib:jdwp=transport=dt_shmem,address=javadebug -Dfile.encoding=UTF-8 bluej.runtime.ExecServer UTF-8

Host: Intel(R) Core(TM) i5-4590 CPU @ 3.30GHz, 4 cores, 7G,  Windows 11 , 64 bit Build 22000 (10.0.22000.2538)
Time: Wed Nov 13 20:43:15 2024 Hora oficial do Brasil elapsed time: 15498.612583 seconds (0d 4h 18m 18s)

---------------  T H R E A D  ---------------

Current thread (0x000001eca29b3f50):  JavaThread "AWT-EventQueue-0"        [_thread_in_native, id=15180, stack(0x000000b22bf00000,0x000000b22c000000) (1024K)]

Stack: [0x000000b22bf00000,0x000000b22c000000],  sp=0x000000b22bffe790,  free space=1017k
Native frames: (J=compiled Java code, j=interpreted, Vv=VM code, C=native code)
C  [awt.dll+0xdb319]

Java frames: (J=compiled Java code, j=interpreted, Vv=VM code)
j  sun.awt.Win32GraphicsConfig.getBounds(I)Ljava/awt/Rectangle;+0 java.desktop@21.0.4
j  sun.awt.Win32GraphicsConfig.getBounds()Ljava/awt/Rectangle;+8 java.desktop@21.0.4
j  sun.awt.Win32GraphicsDevice.displayChanged()V+23 java.desktop@21.0.4
j  sun.awt.Win32GraphicsEnvironment.displayChanged()V+271 java.desktop@21.0.4
j  sun.awt.windows.WToolkit.lambda$displayChanged$4()V+15 java.desktop@21.0.4
j  sun.awt.windows.WToolkit$$Lambda+0x000001ec5e075700.run()V+0 java.desktop@21.0.4
j  java.awt.event.InvocationEvent.dispatch()V+47 java.desktop@21.0.4
j  java.awt.EventQueue.dispatchEventImpl(Ljava/awt/AWTEvent;Ljava/lang/Object;)V+21 java.desktop@21.0.4
j  java.awt.EventQueue$4.run()Ljava/lang/Void;+32 java.desktop@21.0.4
j  java.awt.EventQueue$4.run()Ljava/lang/Object;+1 java.desktop@21.0.4
j  java.security.AccessController.executePrivileged(Ljava/security/PrivilegedAction;Ljava/security/AccessControlContext;Ljava/lang/Class;)Ljava/lang/Object;+29 java.base@21.0.4
j  java.security.AccessController.doPrivileged(Ljava/security/PrivilegedAction;Ljava/security/AccessControlContext;)Ljava/lang/Object;+13 java.base@21.0.4
j  java.security.ProtectionDomain$JavaSecurityAccessImpl.doIntersectionPrivilege(Ljava/security/PrivilegedAction;Ljava/security/AccessControlContext;Ljava/security/AccessControlContext;)Ljava/lang/Object;+18 java.base@21.0.4
j  java.awt.EventQueue.dispatchEvent(Ljava/awt/AWTEvent;)V+46 java.desktop@21.0.4
j  java.awt.EventDispatchThread.pumpOneEventForFilters(I)V+81 java.desktop@21.0.4
j  java.awt.EventDispatchThread.pumpEventsForFilter(ILjava/awt/Conditional;Ljava/awt/EventFilter;)V+35 java.desktop@21.0.4
j  java.awt.EventDispatchThread.pumpEventsForHierarchy(ILjava/awt/Conditional;Ljava/awt/Component;)V+11 java.desktop@21.0.4
j  java.awt.EventDispatchThread.pumpEvents(ILjava/awt/Conditional;)V+4 java.desktop@21.0.4
j  java.awt.EventDispatchThread.pumpEvents(Ljava/awt/Conditional;)V+3 java.desktop@21.0.4
j  java.awt.EventDispatchThread.run()V+9 java.desktop@21.0.4
v  ~StubRoutines::call_stub 0x000001ec4fa9100d

siginfo: EXCEPTION_ACCESS_VIOLATION (0xc0000005), reading address 0x0000000000000028


Registers:
RAX=0x0000000000000000, RBX=0x000001ec5c3ecee0, RCX=0x0000000000000000, RDX=0x0000000000000000
RSP=0x000000b22bffe790, RBP=0x0000000000000000, RSI=0x0000000000000000, RDI=0x0000000000000000
R8 =0x0000000000000001, R9 =0x0000000000000004, R10=0x000001ec5c3ecf20, R11=0x000001ec9e2c8b68
R12=0x0000000000000000, R13=0x000001eca2b4ef60, R14=0x000001eca24d2040, R15=0x0000000000000000
RIP=0x00007ff92c22b319, EFLAGS=0x0000000000010246


Register to memory mapping:

RAX=0x0 is null
RBX=0x000001ec5c3ecee0 points into unknown readable memory: 0x000001eca21a1ac0 | c0 1a 1a a2 ec 01 00 00
RCX=0x0 is null
RDX=0x0 is null
RSP=0x000000b22bffe790 is pointing into the stack for thread: 0x000001eca29b3f50
RBP=0x0 is null
RSI=0x0 is null
RDI=0x0 is null
R8 =0x0000000000000001 is an unknown value
R9 =0x0000000000000004 is an unknown value
R10=0x000001ec5c3ecf20 points into unknown readable memory: 0x0000001e00000003 | 03 00 00 00 1e 00 00 00
R11={method} {0x000001ec9e2c8b70} '<init>' '(IIII)V' in 'java/awt/Rectangle'
R12=0x0 is null
R13=0x000001eca2b4ef60 points into unknown readable memory: 0x000001ec9e2c8b68 | 68 8b 2c 9e ec 01 00 00
R14=0x000001eca24d2040 points into unknown readable memory: 0x0000000088056348 | 48 63 05 88 00 00 00 00
R15=0x0 is null

Top of Stack: (sp=0x000000b22bffe790)
0x000000b22bffe790:   00007ff92c28a848 000001ec5c3ecee0
0x000000b22bffe7a0:   000001ec5c3ecee0 00000000000004f6
0x000000b22bffe7b0:   000001eca29b4308 00007ff92c22a6a8
0x000000b22bffe7c0:   000001ec5c3ecee0 000001ec5c3ecee0
0x000000b22bffe7d0:   00000000000004f6 000001eca29b4308
0x000000b22bffe7e0:   0000000088054278 000001ec9e2b94c0
0x000000b22bffe7f0:   0000000000000000 000000b22bffe810
0x000000b22bffe800:   0000000000000000 0000000000000000
0x000000b22bffe810:   0000f2b8dc628267 0000000088054b80
0x000000b22bffe820:   000001eca29b3f50 000000b22bffe908
0x000000b22bffe830:   000001ec9e2c4850 0000000000000000
0x000000b22bffe840:   0000000088056118 00000000000004f6
0x000000b22bffe850:   000000b22bffe8e0 000001ec4faa07b6
0x000000b22bffe860:   000000b22bffe878 000001ec9e2c4850
0x000000b22bffe870:   000001ec4fa991b4 0000000000000000
0x000000b22bffe880:   0000000088054b80 000000008807ba58
0x000000b22bffe890:   000000008807ba58 000000b22bffe898
0x000000b22bffe8a0:   0000000000000000 0000000000000005
0x000000b22bffe8b0:   000001ec9e2c6c68 0000000000000000
0x000000b22bffe8c0:   0000000088055fc0 000001ec9e2c4850
0x000000b22bffe8d0:   0000000000000000 000000b22bffe900
0x000000b22bffe8e0:   000000b22bffe958 000001ec4fa996b9
0x000000b22bffe8f0:   0000000000000000 000001ec4fa9c6fa
0x000000b22bffe900:   0000000000000000 000000008807ba58
0x000000b22bffe910:   000000b22bffe910 000001ec9e2c48f8
0x000000b22bffe920:   0000000000000002 000001ec9e2c6c68
0x000000b22bffe930:   0000000000000000 0000000088055fc0
0x000000b22bffe940:   000001ec9e2c4910 000000b22bffe900
0x000000b22bffe950:   000000b22bffe968 000000b22bffe9b8
0x000000b22bffe960:   000001ec4fa996b9 000000008807ba58
0x000000b22bffe970:   000000b22bffe970 000001ec9e2b9317
0x000000b22bffe980:   0000000000000003 000001ec9e2ba430 

Instructions: (pc=0x00007ff92c22b319)
0x00007ff92c22b219:   cc cc cc cc cc cc cc 48 89 5c 24 08 48 89 6c 24
0x00007ff92c22b229:   10 48 89 74 24 18 57 48 83 ec 20 41 8b f8 0f b6
0x00007ff92c22b239:   f2 48 8b e9 e8 0e cb f4 ff 48 8b d8 48 89 44 24
0x00007ff92c22b249:   48 41 b8 01 00 00 00 8b d7 48 8b c8 e8 66 ca f4
0x00007ff92c22b259:   ff 48 8b c8 44 0f b6 c6 48 8b d5 e8 97 fa ff ff
0x00007ff92c22b269:   48 8b f8 48 8b cb e8 9c cc f4 ff 90 48 8b c7 48
0x00007ff92c22b279:   8b 5c 24 30 48 8b 6c 24 38 48 8b 74 24 40 48 83
0x00007ff92c22b289:   c4 20 5f c3 cc cc cc 48 8b 49 28 e9 37 07 00 00
0x00007ff92c22b299:   cc cc cc cc cc cc cc 48 89 5c 24 08 57 48 83 ec
0x00007ff92c22b2a9:   20 8b f9 e8 9f ca f4 ff 48 8b d8 48 89 44 24 38
0x00007ff92c22b2b9:   41 b8 01 00 00 00 8b d7 48 8b c8 e8 f7 c9 f4 ff
0x00007ff92c22b2c9:   48 8b 08 8b 39 48 8b cb e8 3a cc f4 ff 90 8b c7
0x00007ff92c22b2d9:   48 8b 5c 24 30 48 83 c4 20 5f c3 cc cc cc cc cc
0x00007ff92c22b2e9:   cc cc cc cc cc cc cc 48 89 5c 24 08 57 48 83 ec
0x00007ff92c22b2f9:   20 8b f9 e8 4f ca f4 ff 48 8b d8 48 89 44 24 38
0x00007ff92c22b309:   41 b8 01 00 00 00 8b d7 48 8b c8 e8 a7 c9 f4 ff
0x00007ff92c22b319:   48 8b 78 28 48 8b cb e8 eb cb f4 ff 90 48 8b c7
0x00007ff92c22b329:   48 8b 5c 24 30 48 83 c4 20 5f c3 cc cc cc cc cc
0x00007ff92c22b339:   cc cc cc cc cc cc cc 48 89 5c 24 08 57 48 83 ec
0x00007ff92c22b349:   20 8b f9 e8 ff c9 f4 ff 48 8b d8 48 89 44 24 38
0x00007ff92c22b359:   41 b8 01 00 00 00 8b d7 48 8b c8 e8 57 c9 f4 ff
0x00007ff92c22b369:   48 8b 78 30 48 8b cb e8 9b cb f4 ff 90 48 8b c7
0x00007ff92c22b379:   48 8b 5c 24 30 48 83 c4 20 5f c3 cc cc cc cc cc
0x00007ff92c22b389:   cc cc cc cc cc cc cc 48 89 5c 24 08 57 48 83 ec
0x00007ff92c22b399:   20 8b f9 e8 af c9 f4 ff 48 8b d8 48 89 44 24 38
0x00007ff92c22b3a9:   41 b8 01 00 00 00 8b d7 48 8b c8 e8 07 c9 f4 ff
0x00007ff92c22b3b9:   48 8b 78 08 48 85 ff 74 07 48 8b bf 08 0c 00 00
0x00007ff92c22b3c9:   48 8b cb e8 3f cb f4 ff 90 48 8b c7 48 8b 5c 24
0x00007ff92c22b3d9:   30 48 83 c4 20 5f c3 f3 0f 10 41 48 c3 cc cc cc
0x00007ff92c22b3e9:   cc cc cc cc cc cc cc f3 0f 10 41 4c c3 cc cc cc
0x00007ff92c22b3f9:   cc cc cc cc cc cc cc 48 89 5c 24 10 48 89 6c 24
0x00007ff92c22b409:   18 48 89 74 24 20 57 48 81 ec 20 01 00 00 48 8b 


Stack slot to memory mapping:

stack at sp + 0 slots: 0x00007ff92c28a848 awt.dll
stack at sp + 1 slots: 0x000001ec5c3ecee0 points into unknown readable memory: 0x000001eca21a1ac0 | c0 1a 1a a2 ec 01 00 00
stack at sp + 2 slots: 0x000001ec5c3ecee0 points into unknown readable memory: 0x000001eca21a1ac0 | c0 1a 1a a2 ec 01 00 00
stack at sp + 3 slots: 0x00000000000004f6 is an unknown value
stack at sp + 4 slots: 0x000001eca29b4308 points into unknown readable memory: 0x00007ff8ce4647b0 | b0 47 46 ce f8 7f 00 00
stack at sp + 5 slots: 0x00007ff92c22a6a8 awt.dll
stack at sp + 6 slots: 0x000001ec5c3ecee0 points into unknown readable memory: 0x000001eca21a1ac0 | c0 1a 1a a2 ec 01 00 00
stack at sp + 7 slots: 0x000001ec5c3ecee0 points into unknown readable memory: 0x000001eca21a1ac0 | c0 1a 1a a2 ec 01 00 00


---------------  P R O C E S S  ---------------

Threads class SMR info:
_java_thread_list=0x000001eca29b73a0, length=20, elements={
0x000001ec5c206910, 0x000001ec5c209640, 0x000001ec5c210ea0, 0x000001ec5c211c60,
0x000001ec5c2142e0, 0x000001ec5c2178a0, 0x000001ec5c21b740, 0x000001ec5c2225b0,
0x000001ec5c4d1e40, 0x000001ec5c4e7e10, 0x000001ec5c4ea410, 0x000001ec5c4d51d0,
0x000001ec5c4f1c90, 0x000001ec5c77aed0, 0x000001eca2033e80, 0x000001ec5c78c730,
0x000001ec3dd70d50, 0x000001eca29b38e0, 0x000001eca28b6830, 0x000001eca29b3f50
}

Java Threads: ( => current thread )
  0x000001ec5c206910 JavaThread "Reference Handler"          daemon [_thread_blocked, id=14056, stack(0x000000b22ad00000,0x000000b22ae00000) (1024K)]
  0x000001ec5c209640 JavaThread "Finalizer"                  daemon [_thread_blocked, id=10756, stack(0x000000b22ae00000,0x000000b22af00000) (1024K)]
  0x000001ec5c210ea0 JavaThread "Signal Dispatcher"          daemon [_thread_blocked, id=9536, stack(0x000000b22af00000,0x000000b22b000000) (1024K)]
  0x000001ec5c211c60 JavaThread "Attach Listener"            daemon [_thread_blocked, id=12668, stack(0x000000b22b000000,0x000000b22b100000) (1024K)]
  0x000001ec5c2142e0 JavaThread "Service Thread"             daemon [_thread_blocked, id=10340, stack(0x000000b22b100000,0x000000b22b200000) (1024K)]
  0x000001ec5c2178a0 JavaThread "Monitor Deflation Thread"   daemon [_thread_blocked, id=11964, stack(0x000000b22b200000,0x000000b22b300000) (1024K)]
  0x000001ec5c21b740 JavaThread "C2 CompilerThread0"         daemon [_thread_blocked, id=7032, stack(0x000000b22b300000,0x000000b22b400000) (1024K)]
  0x000001ec5c2225b0 JavaThread "C1 CompilerThread0"         daemon [_thread_blocked, id=13552, stack(0x000000b22b400000,0x000000b22b500000) (1024K)]
  0x000001ec5c4d1e40 JavaThread "JDWP Transport Listener: dt_shmem" daemon [_thread_blocked, id=3432, stack(0x000000b22b500000,0x000000b22b600000) (1024K)]
  0x000001ec5c4e7e10 JavaThread "JDWP Event Helper Thread"   daemon [_thread_blocked, id=8632, stack(0x000000b22b600000,0x000000b22b700000) (1024K)]
  0x000001ec5c4ea410 JavaThread "JDWP Command Reader"        daemon [_thread_in_native, id=156, stack(0x000000b22b700000,0x000000b22b800000) (1024K)]
  0x000001ec5c4d51d0 JavaThread "Notification Thread"        daemon [_thread_blocked, id=784, stack(0x000000b22b800000,0x000000b22b900000) (1024K)]
  0x000001ec5c4f1c90 JavaThread "Common-Cleaner"             daemon [_thread_blocked, id=2780, stack(0x000000b22b900000,0x000000b22ba00000) (1024K)]
  0x000001ec5c77aed0 JavaThread "Java2D Disposer"            daemon [_thread_blocked, id=10380, stack(0x000000b22ba00000,0x000000b22bb00000) (1024K)]
  0x000001eca2033e80 JavaThread "AWT-Windows"                daemon [_thread_in_native, id=6512, stack(0x000000b22bc00000,0x000000b22bd00000) (1024K)]
  0x000001ec5c78c730 JavaThread "BlueJ worker thread"               [_thread_blocked, id=2876, stack(0x000000b22be00000,0x000000b22bf00000) (1024K)]
  0x000001ec3dd70d50 JavaThread "DestroyJavaVM"                     [_thread_blocked, id=9964, stack(0x000000b22a500000,0x000000b22a600000) (1024K)]
  0x000001eca29b38e0 JavaThread "main"                              [_thread_blocked, id=3240, stack(0x000000b22a300000,0x000000b22a400000) (1024K)]
  0x000001eca28b6830 JavaThread "AWT-Shutdown"                      [_thread_blocked, id=3292, stack(0x000000b22bd00000,0x000000b22be00000) (1024K)]
=>0x000001eca29b3f50 JavaThread "AWT-EventQueue-0"                  [_thread_in_native, id=15180, stack(0x000000b22bf00000,0x000000b22c000000) (1024K)]
Total: 20

Other Threads:
  0x000001ec3dd4c360 VMThread "VM Thread"                           [id=12016, stack(0x000000b22ac00000,0x000000b22ad00000) (1024K)]
  0x000001ec5c1cf4f0 WatcherThread "VM Periodic Task Thread"        [id=4472, stack(0x000000b22ab00000,0x000000b22ac00000) (1024K)]
  0x000001ec3dd4bc20 WorkerThread "GC Thread#0"                     [id=13276, stack(0x000000b22a600000,0x000000b22a700000) (1024K)]
  0x000001ec3dd4caa0 WorkerThread "GC Thread#1"                     [id=12736, stack(0x000000b22a200000,0x000000b22a300000) (1024K)]
  0x000001ec3dd4ce40 WorkerThread "GC Thread#2"                     [id=11968, stack(0x000000b22a400000,0x000000b22a500000) (1024K)]
  0x000001ec3dd4b880 WorkerThread "GC Thread#3"                     [id=2176, stack(0x000000b22bb00000,0x000000b22bc00000) (1024K)]
  0x000001ec3fee2170 ConcurrentGCThread "G1 Main Marker"            [id=8576, stack(0x000000b22a700000,0x000000b22a800000) (1024K)]
  0x000001ec3dd4bfc0 WorkerThread "G1 Conc#0"                       [id=7416, stack(0x000000b22a800000,0x000000b22a900000) (1024K)]
  0x000001ec5c0a24d0 ConcurrentGCThread "G1 Refine#0"               [id=7968, stack(0x000000b22a900000,0x000000b22aa00000) (1024K)]
  0x000001ec5c0a3040 ConcurrentGCThread "G1 Service"                [id=3552, stack(0x000000b22aa00000,0x000000b22ab00000) (1024K)]
Total: 10

Threads with active compile tasks:
Total: 0

VM state: not at safepoint (normal execution)

VM Mutex/Monitor currently owned by a thread: None

Heap address: 0x0000000080a00000, size: 2038 MB, Compressed Oops mode: 32-bit

CDS archive(s) mapped at: [0x000001ec5d000000-0x000001ec5dc90000-0x000001ec5dc90000), size 13172736, SharedBaseAddress: 0x000001ec5d000000, ArchiveRelocationMode: 1.
Compressed class space mapped at: 0x000001ec5e000000-0x000001ec9e000000, reserved size: 1073741824
Narrow klass base: 0x000001ec5d000000, Narrow klass shift: 0, Narrow klass range: 0x100000000

GC Precious Log:
 CardTable entry size: 512
 Card Set container configuration: InlinePtr #cards 5 size 8 Array Of Cards #cards 12 size 40 Howl #buckets 4 coarsen threshold 1843 Howl Bitmap #cards 512 size 80 coarsen threshold 460 Card regions per heap region 1 cards per card region 2048
 CPUs: 4 total, 4 available
 Memory: 8147M
 Large Page Support: Disabled
 NUMA Support: Disabled
 Compressed Oops: Enabled (32-bit)
 Heap Region Size: 1M
 Heap Min Capacity: 8M
 Heap Initial Capacity: 128M
 Heap Max Capacity: 2038M
 Pre-touch: Disabled
 Parallel Workers: 4
 Concurrent Workers: 1
 Concurrent Refinement Workers: 4
 Periodic GC: Disabled

Heap:
 garbage-first heap   total 131072K, used 11759K [0x0000000080a00000, 0x0000000100000000)
  region size 1024K, 12 young (12288K), 2 survivors (2048K)
 Metaspace       used 3574K, committed 3840K, reserved 1114112K
  class space    used 356K, committed 448K, reserved 1048576K

Heap Regions: E=young(eden), S=young(survivor), O=old, HS=humongous(starts), HC=humongous(continues), CS=collection set, F=free, TAMS=top-at-mark-start, PB=parsable bottom
|   0|0x0000000080a00000, 0x0000000080a7bcd8, 0x0000000080b00000| 48%| O|  |TAMS 0x0000000080a00000| PB 0x0000000080a00000| Untracked 
|   1|0x0000000080b00000, 0x0000000080b00000, 0x0000000080c00000|  0%| F|  |TAMS 0x0000000080b00000| PB 0x0000000080b00000| Untracked 
|   2|0x0000000080c00000, 0x0000000080c00000, 0x0000000080d00000|  0%| F|  |TAMS 0x0000000080c00000| PB 0x0000000080c00000| Untracked 
|   3|0x0000000080d00000, 0x0000000080d00000, 0x0000000080e00000|  0%| F|  |TAMS 0x0000000080d00000| PB 0x0000000080d00000| Untracked 
|   4|0x0000000080e00000, 0x0000000080e00000, 0x0000000080f00000|  0%| F|  |TAMS 0x0000000080e00000| PB 0x0000000080e00000| Untracked 
|   5|0x0000000080f00000, 0x0000000080f00000, 0x0000000081000000|  0%| F|  |TAMS 0x0000000080f00000| PB 0x0000000080f00000| Untracked 
|   6|0x0000000081000000, 0x0000000081000000, 0x0000000081100000|  0%| F|  |TAMS 0x0000000081000000| PB 0x0000000081000000| Untracked 
|   7|0x0000000081100000, 0x0000000081100000, 0x0000000081200000|  0%| F|  |TAMS 0x0000000081100000| PB 0x0000000081100000| Untracked 
|   8|0x0000000081200000, 0x0000000081200000, 0x0000000081300000|  0%| F|  |TAMS 0x0000000081200000| PB 0x0000000081200000| Untracked 
|   9|0x0000000081300000, 0x0000000081300000, 0x0000000081400000|  0%| F|  |TAMS 0x0000000081300000| PB 0x0000000081300000| Untracked 
|  10|0x0000000081400000, 0x0000000081400000, 0x0000000081500000|  0%| F|  |TAMS 0x0000000081400000| PB 0x0000000081400000| Untracked 
|  11|0x0000000081500000, 0x0000000081500000, 0x0000000081600000|  0%| F|  |TAMS 0x0000000081500000| PB 0x0000000081500000| Untracked 
|  12|0x0000000081600000, 0x0000000081600000, 0x0000000081700000|  0%| F|  |TAMS 0x0000000081600000| PB 0x0000000081600000| Untracked 
|  13|0x0000000081700000, 0x0000000081700000, 0x0000000081800000|  0%| F|  |TAMS 0x0000000081700000| PB 0x0000000081700000| Untracked 
|  14|0x0000000081800000, 0x0000000081800000, 0x0000000081900000|  0%| F|  |TAMS 0x0000000081800000| PB 0x0000000081800000| Untracked 
|  15|0x0000000081900000, 0x0000000081900000, 0x0000000081a00000|  0%| F|  |TAMS 0x0000000081900000| PB 0x0000000081900000| Untracked 
|  16|0x0000000081a00000, 0x0000000081a00000, 0x0000000081b00000|  0%| F|  |TAMS 0x0000000081a00000| PB 0x0000000081a00000| Untracked 
|  17|0x0000000081b00000, 0x0000000081b00000, 0x0000000081c00000|  0%| F|  |TAMS 0x0000000081b00000| PB 0x0000000081b00000| Untracked 
|  18|0x0000000081c00000, 0x0000000081c00000, 0x0000000081d00000|  0%| F|  |TAMS 0x0000000081c00000| PB 0x0000000081c00000| Untracked 
|  19|0x0000000081d00000, 0x0000000081d00000, 0x0000000081e00000|  0%| F|  |TAMS 0x0000000081d00000| PB 0x0000000081d00000| Untracked 
|  20|0x0000000081e00000, 0x0000000081e00000, 0x0000000081f00000|  0%| F|  |TAMS 0x0000000081e00000| PB 0x0000000081e00000| Untracked 
|  21|0x0000000081f00000, 0x0000000081f00000, 0x0000000082000000|  0%| F|  |TAMS 0x0000000081f00000| PB 0x0000000081f00000| Untracked 
|  22|0x0000000082000000, 0x0000000082000000, 0x0000000082100000|  0%| F|  |TAMS 0x0000000082000000| PB 0x0000000082000000| Untracked 
|  23|0x0000000082100000, 0x0000000082100000, 0x0000000082200000|  0%| F|  |TAMS 0x0000000082100000| PB 0x0000000082100000| Untracked 
|  24|0x0000000082200000, 0x0000000082200000, 0x0000000082300000|  0%| F|  |TAMS 0x0000000082200000| PB 0x0000000082200000| Untracked 
|  25|0x0000000082300000, 0x0000000082300000, 0x0000000082400000|  0%| F|  |TAMS 0x0000000082300000| PB 0x0000000082300000| Untracked 
|  26|0x0000000082400000, 0x0000000082400000, 0x0000000082500000|  0%| F|  |TAMS 0x0000000082400000| PB 0x0000000082400000| Untracked 
|  27|0x0000000082500000, 0x0000000082500000, 0x0000000082600000|  0%| F|  |TAMS 0x0000000082500000| PB 0x0000000082500000| Untracked 
|  28|0x0000000082600000, 0x0000000082600000, 0x0000000082700000|  0%| F|  |TAMS 0x0000000082600000| PB 0x0000000082600000| Untracked 
|  29|0x0000000082700000, 0x0000000082700000, 0x0000000082800000|  0%| F|  |TAMS 0x0000000082700000| PB 0x0000000082700000| Untracked 
|  30|0x0000000082800000, 0x0000000082800000, 0x0000000082900000|  0%| F|  |TAMS 0x0000000082800000| PB 0x0000000082800000| Untracked 
|  31|0x0000000082900000, 0x0000000082900000, 0x0000000082a00000|  0%| F|  |TAMS 0x0000000082900000| PB 0x0000000082900000| Untracked 
|  32|0x0000000082a00000, 0x0000000082a00000, 0x0000000082b00000|  0%| F|  |TAMS 0x0000000082a00000| PB 0x0000000082a00000| Untracked 
|  33|0x0000000082b00000, 0x0000000082b00000, 0x0000000082c00000|  0%| F|  |TAMS 0x0000000082b00000| PB 0x0000000082b00000| Untracked 
|  34|0x0000000082c00000, 0x0000000082c00000, 0x0000000082d00000|  0%| F|  |TAMS 0x0000000082c00000| PB 0x0000000082c00000| Untracked 
|  35|0x0000000082d00000, 0x0000000082d00000, 0x0000000082e00000|  0%| F|  |TAMS 0x0000000082d00000| PB 0x0000000082d00000| Untracked 
|  36|0x0000000082e00000, 0x0000000082e00000, 0x0000000082f00000|  0%| F|  |TAMS 0x0000000082e00000| PB 0x0000000082e00000| Untracked 
|  37|0x0000000082f00000, 0x0000000082f00000, 0x0000000083000000|  0%| F|  |TAMS 0x0000000082f00000| PB 0x0000000082f00000| Untracked 
|  38|0x0000000083000000, 0x0000000083000000, 0x0000000083100000|  0%| F|  |TAMS 0x0000000083000000| PB 0x0000000083000000| Untracked 
|  39|0x0000000083100000, 0x0000000083100000, 0x0000000083200000|  0%| F|  |TAMS 0x0000000083100000| PB 0x0000000083100000| Untracked 
|  40|0x0000000083200000, 0x0000000083200000, 0x0000000083300000|  0%| F|  |TAMS 0x0000000083200000| PB 0x0000000083200000| Untracked 
|  41|0x0000000083300000, 0x0000000083300000, 0x0000000083400000|  0%| F|  |TAMS 0x0000000083300000| PB 0x0000000083300000| Untracked 
|  42|0x0000000083400000, 0x0000000083400000, 0x0000000083500000|  0%| F|  |TAMS 0x0000000083400000| PB 0x0000000083400000| Untracked 
|  43|0x0000000083500000, 0x0000000083500000, 0x0000000083600000|  0%| F|  |TAMS 0x0000000083500000| PB 0x0000000083500000| Untracked 
|  44|0x0000000083600000, 0x0000000083600000, 0x0000000083700000|  0%| F|  |TAMS 0x0000000083600000| PB 0x0000000083600000| Untracked 
|  45|0x0000000083700000, 0x0000000083700000, 0x0000000083800000|  0%| F|  |TAMS 0x0000000083700000| PB 0x0000000083700000| Untracked 
|  46|0x0000000083800000, 0x0000000083800000, 0x0000000083900000|  0%| F|  |TAMS 0x0000000083800000| PB 0x0000000083800000| Untracked 
|  47|0x0000000083900000, 0x0000000083900000, 0x0000000083a00000|  0%| F|  |TAMS 0x0000000083900000| PB 0x0000000083900000| Untracked 
|  48|0x0000000083a00000, 0x0000000083a00000, 0x0000000083b00000|  0%| F|  |TAMS 0x0000000083a00000| PB 0x0000000083a00000| Untracked 
|  49|0x0000000083b00000, 0x0000000083b00000, 0x0000000083c00000|  0%| F|  |TAMS 0x0000000083b00000| PB 0x0000000083b00000| Untracked 
|  50|0x0000000083c00000, 0x0000000083c00000, 0x0000000083d00000|  0%| F|  |TAMS 0x0000000083c00000| PB 0x0000000083c00000| Untracked 
|  51|0x0000000083d00000, 0x0000000083d00000, 0x0000000083e00000|  0%| F|  |TAMS 0x0000000083d00000| PB 0x0000000083d00000| Untracked 
|  52|0x0000000083e00000, 0x0000000083e00000, 0x0000000083f00000|  0%| F|  |TAMS 0x0000000083e00000| PB 0x0000000083e00000| Untracked 
|  53|0x0000000083f00000, 0x0000000083f00000, 0x0000000084000000|  0%| F|  |TAMS 0x0000000083f00000| PB 0x0000000083f00000| Untracked 
|  54|0x0000000084000000, 0x0000000084000000, 0x0000000084100000|  0%| F|  |TAMS 0x0000000084000000| PB 0x0000000084000000| Untracked 
|  55|0x0000000084100000, 0x0000000084100000, 0x0000000084200000|  0%| F|  |TAMS 0x0000000084100000| PB 0x0000000084100000| Untracked 
|  56|0x0000000084200000, 0x0000000084200000, 0x0000000084300000|  0%| F|  |TAMS 0x0000000084200000| PB 0x0000000084200000| Untracked 
|  57|0x0000000084300000, 0x0000000084300000, 0x0000000084400000|  0%| F|  |TAMS 0x0000000084300000| PB 0x0000000084300000| Untracked 
|  58|0x0000000084400000, 0x0000000084400000, 0x0000000084500000|  0%| F|  |TAMS 0x0000000084400000| PB 0x0000000084400000| Untracked 
|  59|0x0000000084500000, 0x0000000084500000, 0x0000000084600000|  0%| F|  |TAMS 0x0000000084500000| PB 0x0000000084500000| Untracked 
|  60|0x0000000084600000, 0x0000000084600000, 0x0000000084700000|  0%| F|  |TAMS 0x0000000084600000| PB 0x0000000084600000| Untracked 
|  61|0x0000000084700000, 0x0000000084700000, 0x0000000084800000|  0%| F|  |TAMS 0x0000000084700000| PB 0x0000000084700000| Untracked 
|  62|0x0000000084800000, 0x0000000084800000, 0x0000000084900000|  0%| F|  |TAMS 0x0000000084800000| PB 0x0000000084800000| Untracked 
|  63|0x0000000084900000, 0x0000000084900000, 0x0000000084a00000|  0%| F|  |TAMS 0x0000000084900000| PB 0x0000000084900000| Untracked 
|  64|0x0000000084a00000, 0x0000000084a00000, 0x0000000084b00000|  0%| F|  |TAMS 0x0000000084a00000| PB 0x0000000084a00000| Untracked 
|  65|0x0000000084b00000, 0x0000000084b00000, 0x0000000084c00000|  0%| F|  |TAMS 0x0000000084b00000| PB 0x0000000084b00000| Untracked 
|  66|0x0000000084c00000, 0x0000000084c00000, 0x0000000084d00000|  0%| F|  |TAMS 0x0000000084c00000| PB 0x0000000084c00000| Untracked 
|  67|0x0000000084d00000, 0x0000000084d00000, 0x0000000084e00000|  0%| F|  |TAMS 0x0000000084d00000| PB 0x0000000084d00000| Untracked 
|  68|0x0000000084e00000, 0x0000000084e00000, 0x0000000084f00000|  0%| F|  |TAMS 0x0000000084e00000| PB 0x0000000084e00000| Untracked 
|  69|0x0000000084f00000, 0x0000000084f00000, 0x0000000085000000|  0%| F|  |TAMS 0x0000000084f00000| PB 0x0000000084f00000| Untracked 
|  70|0x0000000085000000, 0x0000000085000000, 0x0000000085100000|  0%| F|  |TAMS 0x0000000085000000| PB 0x0000000085000000| Untracked 
|  71|0x0000000085100000, 0x0000000085100000, 0x0000000085200000|  0%| F|  |TAMS 0x0000000085100000| PB 0x0000000085100000| Untracked 
|  72|0x0000000085200000, 0x0000000085200000, 0x0000000085300000|  0%| F|  |TAMS 0x0000000085200000| PB 0x0000000085200000| Untracked 
|  73|0x0000000085300000, 0x0000000085300000, 0x0000000085400000|  0%| F|  |TAMS 0x0000000085300000| PB 0x0000000085300000| Untracked 
|  74|0x0000000085400000, 0x0000000085400000, 0x0000000085500000|  0%| F|  |TAMS 0x0000000085400000| PB 0x0000000085400000| Untracked 
|  75|0x0000000085500000, 0x0000000085500000, 0x0000000085600000|  0%| F|  |TAMS 0x0000000085500000| PB 0x0000000085500000| Untracked 
|  76|0x0000000085600000, 0x0000000085600000, 0x0000000085700000|  0%| F|  |TAMS 0x0000000085600000| PB 0x0000000085600000| Untracked 
|  77|0x0000000085700000, 0x0000000085700000, 0x0000000085800000|  0%| F|  |TAMS 0x0000000085700000| PB 0x0000000085700000| Untracked 
|  78|0x0000000085800000, 0x0000000085800000, 0x0000000085900000|  0%| F|  |TAMS 0x0000000085800000| PB 0x0000000085800000| Untracked 
|  79|0x0000000085900000, 0x0000000085900000, 0x0000000085a00000|  0%| F|  |TAMS 0x0000000085900000| PB 0x0000000085900000| Untracked 
|  80|0x0000000085a00000, 0x0000000085a00000, 0x0000000085b00000|  0%| F|  |TAMS 0x0000000085a00000| PB 0x0000000085a00000| Untracked 
|  81|0x0000000085b00000, 0x0000000085b00000, 0x0000000085c00000|  0%| F|  |TAMS 0x0000000085b00000| PB 0x0000000085b00000| Untracked 
|  82|0x0000000085c00000, 0x0000000085c00000, 0x0000000085d00000|  0%| F|  |TAMS 0x0000000085c00000| PB 0x0000000085c00000| Untracked 
|  83|0x0000000085d00000, 0x0000000085d00000, 0x0000000085e00000|  0%| F|  |TAMS 0x0000000085d00000| PB 0x0000000085d00000| Untracked 
|  84|0x0000000085e00000, 0x0000000085e00000, 0x0000000085f00000|  0%| F|  |TAMS 0x0000000085e00000| PB 0x0000000085e00000| Untracked 
|  85|0x0000000085f00000, 0x0000000085f00000, 0x0000000086000000|  0%| F|  |TAMS 0x0000000085f00000| PB 0x0000000085f00000| Untracked 
|  86|0x0000000086000000, 0x0000000086000000, 0x0000000086100000|  0%| F|  |TAMS 0x0000000086000000| PB 0x0000000086000000| Untracked 
|  87|0x0000000086100000, 0x0000000086100000, 0x0000000086200000|  0%| F|  |TAMS 0x0000000086100000| PB 0x0000000086100000| Untracked 
|  88|0x0000000086200000, 0x0000000086200000, 0x0000000086300000|  0%| F|  |TAMS 0x0000000086200000| PB 0x0000000086200000| Untracked 
|  89|0x0000000086300000, 0x0000000086300000, 0x0000000086400000|  0%| F|  |TAMS 0x0000000086300000| PB 0x0000000086300000| Untracked 
|  90|0x0000000086400000, 0x0000000086400000, 0x0000000086500000|  0%| F|  |TAMS 0x0000000086400000| PB 0x0000000086400000| Untracked 
|  91|0x0000000086500000, 0x0000000086500000, 0x0000000086600000|  0%| F|  |TAMS 0x0000000086500000| PB 0x0000000086500000| Untracked 
|  92|0x0000000086600000, 0x0000000086600000, 0x0000000086700000|  0%| F|  |TAMS 0x0000000086600000| PB 0x0000000086600000| Untracked 
|  93|0x0000000086700000, 0x0000000086700000, 0x0000000086800000|  0%| F|  |TAMS 0x0000000086700000| PB 0x0000000086700000| Untracked 
|  94|0x0000000086800000, 0x0000000086800000, 0x0000000086900000|  0%| F|  |TAMS 0x0000000086800000| PB 0x0000000086800000| Untracked 
|  95|0x0000000086900000, 0x0000000086900000, 0x0000000086a00000|  0%| F|  |TAMS 0x0000000086900000| PB 0x0000000086900000| Untracked 
|  96|0x0000000086a00000, 0x0000000086a00000, 0x0000000086b00000|  0%| F|  |TAMS 0x0000000086a00000| PB 0x0000000086a00000| Untracked 
|  97|0x0000000086b00000, 0x0000000086b00000, 0x0000000086c00000|  0%| F|  |TAMS 0x0000000086b00000| PB 0x0000000086b00000| Untracked 
|  98|0x0000000086c00000, 0x0000000086c00000, 0x0000000086d00000|  0%| F|  |TAMS 0x0000000086c00000| PB 0x0000000086c00000| Untracked 
|  99|0x0000000086d00000, 0x0000000086d00000, 0x0000000086e00000|  0%| F|  |TAMS 0x0000000086d00000| PB 0x0000000086d00000| Untracked 
| 100|0x0000000086e00000, 0x0000000086e00000, 0x0000000086f00000|  0%| F|  |TAMS 0x0000000086e00000| PB 0x0000000086e00000| Untracked 
| 101|0x0000000086f00000, 0x0000000086f00000, 0x0000000087000000|  0%| F|  |TAMS 0x0000000086f00000| PB 0x0000000086f00000| Untracked 
| 102|0x0000000087000000, 0x0000000087000000, 0x0000000087100000|  0%| F|  |TAMS 0x0000000087000000| PB 0x0000000087000000| Untracked 
| 103|0x0000000087100000, 0x0000000087100000, 0x0000000087200000|  0%| F|  |TAMS 0x0000000087100000| PB 0x0000000087100000| Untracked 
| 104|0x0000000087200000, 0x0000000087200000, 0x0000000087300000|  0%| F|  |TAMS 0x0000000087200000| PB 0x0000000087200000| Untracked 
| 105|0x0000000087300000, 0x0000000087300000, 0x0000000087400000|  0%| F|  |TAMS 0x0000000087300000| PB 0x0000000087300000| Untracked 
| 106|0x0000000087400000, 0x0000000087400000, 0x0000000087500000|  0%| F|  |TAMS 0x0000000087400000| PB 0x0000000087400000| Untracked 
| 107|0x0000000087500000, 0x0000000087500000, 0x0000000087600000|  0%| F|  |TAMS 0x0000000087500000| PB 0x0000000087500000| Untracked 
| 108|0x0000000087600000, 0x0000000087600000, 0x0000000087700000|  0%| F|  |TAMS 0x0000000087600000| PB 0x0000000087600000| Untracked 
| 109|0x0000000087700000, 0x0000000087700000, 0x0000000087800000|  0%| F|  |TAMS 0x0000000087700000| PB 0x0000000087700000| Untracked 
| 110|0x0000000087800000, 0x0000000087800000, 0x0000000087900000|  0%| F|  |TAMS 0x0000000087800000| PB 0x0000000087800000| Untracked 
| 111|0x0000000087900000, 0x0000000087900000, 0x0000000087a00000|  0%| F|  |TAMS 0x0000000087900000| PB 0x0000000087900000| Untracked 
| 112|0x0000000087a00000, 0x0000000087a00000, 0x0000000087b00000|  0%| F|  |TAMS 0x0000000087a00000| PB 0x0000000087a00000| Untracked 
| 113|0x0000000087b00000, 0x0000000087c00000, 0x0000000087c00000|100%| S|CS|TAMS 0x0000000087b00000| PB 0x0000000087b00000| Complete 
| 114|0x0000000087c00000, 0x0000000087d00000, 0x0000000087d00000|100%| S|CS|TAMS 0x0000000087c00000| PB 0x0000000087c00000| Complete 
| 115|0x0000000087d00000, 0x0000000087d00000, 0x0000000087e00000|  0%| F|  |TAMS 0x0000000087d00000| PB 0x0000000087d00000| Untracked 
| 116|0x0000000087e00000, 0x0000000087e00000, 0x0000000087f00000|  0%| F|  |TAMS 0x0000000087e00000| PB 0x0000000087e00000| Untracked 
| 117|0x0000000087f00000, 0x0000000087f00000, 0x0000000088000000|  0%| F|  |TAMS 0x0000000087f00000| PB 0x0000000087f00000| Untracked 
| 118|0x0000000088000000, 0x000000008808ff60, 0x0000000088100000| 56%| E|  |TAMS 0x0000000088000000| PB 0x0000000088000000| Complete 
| 119|0x0000000088100000, 0x0000000088200000, 0x0000000088200000|100%| E|CS|TAMS 0x0000000088100000| PB 0x0000000088100000| Complete 
| 120|0x0000000088200000, 0x0000000088300000, 0x0000000088300000|100%| E|CS|TAMS 0x0000000088200000| PB 0x0000000088200000| Complete 
| 121|0x0000000088300000, 0x0000000088400000, 0x0000000088400000|100%| E|CS|TAMS 0x0000000088300000| PB 0x0000000088300000| Complete 
| 122|0x0000000088400000, 0x0000000088500000, 0x0000000088500000|100%| E|CS|TAMS 0x0000000088400000| PB 0x0000000088400000| Complete 
| 123|0x0000000088500000, 0x0000000088600000, 0x0000000088600000|100%| E|CS|TAMS 0x0000000088500000| PB 0x0000000088500000| Complete 
| 124|0x0000000088600000, 0x0000000088700000, 0x0000000088700000|100%| E|CS|TAMS 0x0000000088600000| PB 0x0000000088600000| Complete 
| 125|0x0000000088700000, 0x0000000088800000, 0x0000000088800000|100%| E|CS|TAMS 0x0000000088700000| PB 0x0000000088700000| Complete 
| 126|0x0000000088800000, 0x0000000088900000, 0x0000000088900000|100%| E|CS|TAMS 0x0000000088800000| PB 0x0000000088800000| Complete 
| 127|0x0000000088900000, 0x0000000088a00000, 0x0000000088a00000|100%| E|CS|TAMS 0x0000000088900000| PB 0x0000000088900000| Complete 

Card table byte_map: [0x000001ec57960000,0x000001ec57d60000] _byte_map_base: 0x000001ec5755b000

Marking Bits: (CMBitMap*) 0x000001ec3fed1820
 Bits: [0x000001ec57d60000, 0x000001ec59d38000)

Polling page: 0x000001ec3f650000

Metaspace:

Usage:
  Non-class:      3.14 MB used.
      Class:    356.41 KB used.
       Both:      3.49 MB used.

Virtual space:
  Non-class space:       64.00 MB reserved,       3.31 MB (  5%) committed,  1 nodes.
      Class space:        1.00 GB reserved,     448.00 KB ( <1%) committed,  1 nodes.
             Both:        1.06 GB reserved,       3.75 MB ( <1%) committed. 

Chunk freelists:
   Non-Class:  11.59 MB
       Class:  15.61 MB
        Both:  27.20 MB

MaxMetaspaceSize: unlimited
CompressedClassSpaceSize: 1.00 GB
Initial GC threshold: 21.00 MB
Current GC threshold: 21.00 MB
CDS: on
 - commit_granule_bytes: 65536.
 - commit_granule_words: 8192.
 - virtual_space_node_default_size: 8388608.
 - enlarge_chunks_in_place: 1.
 - use_allocation_guard: 0.


Internal statistics:

num_allocs_failed_limit: 0.
num_arena_births: 126.
num_arena_deaths: 0.
num_vsnodes_births: 2.
num_vsnodes_deaths: 0.
num_space_committed: 60.
num_space_uncommitted: 0.
num_chunks_returned_to_freelist: 0.
num_chunks_taken_from_freelist: 181.
num_chunk_merges: 0.
num_chunk_splits: 121.
num_chunks_enlarged: 67.
num_inconsistent_stats: 0.

CodeHeap 'non-profiled nmethods': size=120000Kb used=299Kb max_used=299Kb free=119700Kb
 bounds [0x000001ec50030000, 0x000001ec502a0000, 0x000001ec57560000]
CodeHeap 'profiled nmethods': size=120000Kb used=1575Kb max_used=1575Kb free=118424Kb
 bounds [0x000001ec48560000, 0x000001ec487d0000, 0x000001ec4fa90000]
CodeHeap 'non-nmethods': size=5760Kb used=1460Kb max_used=1476Kb free=4299Kb
 bounds [0x000001ec4fa90000, 0x000001ec4fd00000, 0x000001ec50030000]
 total_blobs=1360 nmethods=868 adapters=397
 compilation: enabled
              stopped_count=0, restarted_count=0
 full_count=0

Compilation events (20 events):
Event: 15429.955 Thread 0x000001ec5c2225b0 nmethod 858 0x000001ec50079190 code [0x000001ec50079320, 0x000001ec500793e8]
Event: 15429.961 Thread 0x000001ec5c21b740 nmethod 857 0x000001ec50079490 code [0x000001ec500796e0, 0x000001ec50079e58]
Event: 15440.232 Thread 0x000001ec5c2225b0  859       3       java.util.zip.ZipFile$1::getMetaInfVersions (5 bytes)
Event: 15440.232 Thread 0x000001ec5c2225b0 nmethod 859 0x000001ec486e6a90 code [0x000001ec486e6c40, 0x000001ec486e6f08]
Event: 15440.232 Thread 0x000001ec5c2225b0  860   !   3       java.util.zip.ZipFile::getMetaInfVersions (26 bytes)
Event: 15440.232 Thread 0x000001ec5c2225b0 nmethod 860 0x000001ec486e7110 code [0x000001ec486e72c0, 0x000001ec486e7520]
Event: 15440.245 Thread 0x000001ec5c2225b0  861       1       jdk.internal.loader.Resource::getCodeSigners (2 bytes)
Event: 15440.245 Thread 0x000001ec5c2225b0 nmethod 861 0x000001ec5007a510 code [0x000001ec5007a6a0, 0x000001ec5007a770]
Event: 15445.324 Thread 0x000001ec5c2225b0  862       3       java.lang.String::indexOf (64 bytes)
Event: 15445.324 Thread 0x000001ec5c2225b0 nmethod 862 0x000001ec486e7690 code [0x000001ec486e78a0, 0x000001ec486e7d78]
Event: 15445.324 Thread 0x000001ec5c2225b0  863       3       java.util.Formatter$Flags::contains (13 bytes)
Event: 15445.324 Thread 0x000001ec5c2225b0 nmethod 863 0x000001ec486e7f10 code [0x000001ec486e80a0, 0x000001ec486e81e8]
Event: 15494.087 Thread 0x000001ec5c2225b0  864       3       java.lang.Module::isNamed (13 bytes)
Event: 15494.088 Thread 0x000001ec5c2225b0 nmethod 864 0x000001ec486e8290 code [0x000001ec486e8420, 0x000001ec486e8588]
Event: 15494.129 Thread 0x000001ec5c2225b0  865       3       java.util.concurrent.locks.ReentrantLock$Sync::isHeldExclusively (16 bytes)
Event: 15494.129 Thread 0x000001ec5c2225b0 nmethod 865 0x000001ec486e8610 code [0x000001ec486e87a0, 0x000001ec486e8938]
Event: 15495.054 Thread 0x000001ec5c2225b0  866       3       java.util.concurrent.ConcurrentHashMap$Traverser::advance (188 bytes)
Event: 15495.054 Thread 0x000001ec5c2225b0 nmethod 866 0x000001ec486e8a10 code [0x000001ec486e8c60, 0x000001ec486e9810]
Event: 15495.114 Thread 0x000001ec5c2225b0  868       3       java.util.concurrent.ConcurrentHashMap$BaseIterator::hasNext (13 bytes)
Event: 15495.114 Thread 0x000001ec5c2225b0 nmethod 868 0x000001ec486e9b10 code [0x000001ec486e9ca0, 0x000001ec486e9e08]

GC Heap History (2 events):
Event: 745.952 GC heap before
{Heap before GC invocations=0 (full 0):
 garbage-first heap   total 131072K, used 13312K [0x0000000080a00000, 0x0000000100000000)
  region size 1024K, 13 young (13312K), 0 survivors (0K)
 Metaspace       used 2777K, committed 3008K, reserved 1114112K
  class space    used 257K, committed 384K, reserved 1048576K
}
Event: 745.955 GC heap after
{Heap after GC invocations=1 (full 0):
 garbage-first heap   total 131072K, used 2543K [0x0000000080a00000, 0x0000000100000000)
  region size 1024K, 2 young (2048K), 2 survivors (2048K)
 Metaspace       used 2777K, committed 3008K, reserved 1114112K
  class space    used 257K, committed 384K, reserved 1048576K
}

Dll operation events (7 events):
Event: 0.006 Loaded shared library C:\Users\Marco\Downloads\BlueJ-windows-541\BlueJ\jdk\bin\java.dll
Event: 0.035 Loaded shared library C:\Users\Marco\Downloads\BlueJ-windows-541\BlueJ\jdk\bin\jsvml.dll
Event: 0.482 Loaded shared library C:\Users\Marco\Downloads\BlueJ-windows-541\bluej\jdk\bin\net.dll
Event: 0.484 Loaded shared library C:\Users\Marco\Downloads\BlueJ-windows-541\bluej\jdk\bin\nio.dll
Event: 0.504 Loaded shared library C:\Users\Marco\Downloads\BlueJ-windows-541\bluej\jdk\bin\zip.dll
Event: 0.608 Loaded shared library C:\Users\Marco\Downloads\BlueJ-windows-541\bluej\jdk\bin\jimage.dll
Event: 0.614 Loaded shared library C:\Users\Marco\Downloads\BlueJ-windows-541\bluej\jdk\bin\awt.dll

Deoptimization events (20 events):
Event: 15429.923 Thread 0x000001eca28b6830 DEOPT PACKING pc=0x000001ec5007118c sp=0x000000b22bdfe960
Event: 15429.923 Thread 0x000001eca28b6830 DEOPT UNPACKING pc=0x000001ec4fae4e42 sp=0x000000b22bdfdcd0 mode 1
Event: 15429.923 Thread 0x000001eca28b6830 DEOPT PACKING pc=0x000001ec486c2504 sp=0x000000b22bdfea50
Event: 15429.923 Thread 0x000001eca28b6830 DEOPT UNPACKING pc=0x000001ec4fae4e42 sp=0x000000b22bdfdf70 mode 1
Event: 15429.923 Thread 0x000001eca28b6830 DEOPT PACKING pc=0x000001ec486c12dc sp=0x000000b22bdfeb30
Event: 15429.923 Thread 0x000001eca28b6830 DEOPT UNPACKING pc=0x000001ec4fae4e42 sp=0x000000b22bdfdfc0 mode 1
Event: 15429.923 Thread 0x000001eca28b6830 DEOPT PACKING pc=0x000001ec48628a24 sp=0x000000b22bdfeb60
Event: 15429.923 Thread 0x000001eca28b6830 DEOPT UNPACKING pc=0x000001ec4fae4e42 sp=0x000000b22bdfdfc0 mode 1
Event: 15429.923 Thread 0x000001eca28b6830 DEOPT PACKING pc=0x000001ec486a01cc sp=0x000000b22bdfebf0
Event: 15429.923 Thread 0x000001eca28b6830 DEOPT UNPACKING pc=0x000001ec4fae4e42 sp=0x000000b22bdfe0e0 mode 1
Event: 15429.941 Thread 0x000001eca28b6830 DEOPT PACKING pc=0x000001ec486ca9f9 sp=0x000000b22bdfe160
Event: 15429.941 Thread 0x000001eca28b6830 DEOPT UNPACKING pc=0x000001ec4fae4e42 sp=0x000000b22bdfd620 mode 1
Event: 15429.954 Thread 0x000001eca28b6830 DEOPT PACKING pc=0x000001ec486e6751 sp=0x000000b22bdfe120
Event: 15429.954 Thread 0x000001eca28b6830 DEOPT UNPACKING pc=0x000001ec4fae4e42 sp=0x000000b22bdfd590 mode 1
Event: 15440.232 Thread 0x000001eca29b38e0 DEOPT PACKING pc=0x000001ec486e6751 sp=0x000000b22a3feee0
Event: 15440.232 Thread 0x000001eca29b38e0 DEOPT UNPACKING pc=0x000001ec4fae4e42 sp=0x000000b22a3fe350 mode 1
Event: 15445.313 Thread 0x000001eca28b6830 DEOPT PACKING pc=0x000001ec486e6751 sp=0x000000b22bdfef60
Event: 15445.313 Thread 0x000001eca28b6830 DEOPT UNPACKING pc=0x000001ec4fae4e42 sp=0x000000b22bdfe3d0 mode 1
Event: 15445.324 Thread 0x000001eca28b6830 DEOPT PACKING pc=0x000001ec486e6751 sp=0x000000b22bdfe160
Event: 15445.324 Thread 0x000001eca28b6830 DEOPT UNPACKING pc=0x000001ec4fae4e42 sp=0x000000b22bdfd5d0 mode 1

Classes loaded (20 events):
Event: 15495.106 Loading class sun/awt/Win32GraphicsConfig
Event: 15495.109 Loading class sun/awt/image/SurfaceManager$ProxiedGraphicsConfig
Event: 15495.113 Loading class sun/awt/image/SurfaceManager$ProxiedGraphicsConfig done
Event: 15495.113 Loading class java/awt/GraphicsConfiguration
Event: 15495.113 Loading class java/awt/GraphicsConfiguration done
Event: 15495.113 Loading class sun/awt/Win32GraphicsConfig done
Event: 15495.113 Loading class java/awt/Rectangle
Event: 15495.113 Loading class java/awt/Shape
Event: 15495.113 Loading class java/awt/Shape done
Event: 15495.113 Loading class java/awt/geom/Rectangle2D
Event: 15495.113 Loading class java/awt/geom/RectangularShape
Event: 15495.113 Loading class java/awt/geom/RectangularShape done
Event: 15495.113 Loading class java/awt/geom/Rectangle2D done
Event: 15495.113 Loading class java/awt/Rectangle done
Event: 15496.163 Loading class sun/awt/AppContext$PostShutdownEventRunnable
Event: 15496.163 Loading class sun/awt/AppContext$PostShutdownEventRunnable done
Event: 15496.164 Loading class sun/awt/AWTAutoShutdown$1
Event: 15496.265 Loading class sun/awt/AWTAutoShutdown$1 done
Event: 15498.403 Loading class java/util/ArrayList$ListItr
Event: 15498.405 Loading class java/util/ArrayList$ListItr done

Classes unloaded (0 events):
No events

Classes redefined (0 events):
No events

Internal exceptions (4 events):
Event: 0.574 Thread 0x000001ec3dd70d50 Exception <a 'java/lang/ClassNotFoundException'{0x0000000088623170}: sun/awt/resources/spi/awtProvider> (0x0000000088623170) 
thrown [s\src\hotspot\share\classfile\systemDictionary.cpp, line 312]
Event: 0.626 Thread 0x000001ec3dd70d50 Exception <a 'java/io/FileNotFoundException'{0x00000000886863e0}> (0x00000000886863e0) 
thrown [s\src\hotspot\share\prims\jni.cpp, line 520]
Event: 0.632 Thread 0x000001ec3dd70d50 Exception <a 'java/io/FileNotFoundException'{0x00000000886b0f10}> (0x00000000886b0f10) 
thrown [s\src\hotspot\share\prims\jni.cpp, line 520]
Event: 4.740 Thread 0x000001ec5c78c0c0 Exception <a 'java/lang/NoSuchMethodError'{0x00000000884b2530}: 'void java.lang.invoke.DirectMethodHandle$Holder.invokeStatic(java.lang.Object, java.lang.Object)'> (0x00000000884b2530) 
thrown [s\src\hotspot\share\interpreter\linkResolver.cpp, line 773]

ZGC Phase Switch (0 events):
No events

VM Operations (20 events):
Event: 15266.204 Executing VM operation: HandshakeAllThreads (HandshakeForDeflation)
Event: 15266.204 Executing VM operation: HandshakeAllThreads (HandshakeForDeflation) done
Event: 15266.204 Executing VM operation: RendezvousGCThreads
Event: 15266.204 Executing VM operation: RendezvousGCThreads done
Event: 15281.311 Executing VM operation: Cleanup
Event: 15281.311 Executing VM operation: Cleanup done
Event: 15372.000 Executing VM operation: Cleanup
Event: 15372.000 Executing VM operation: Cleanup done
Event: 15386.426 Executing VM operation: HandshakeAllThreads (HandshakeForDeflation)
Event: 15386.426 Executing VM operation: HandshakeAllThreads (HandshakeForDeflation) done
Event: 15386.426 Executing VM operation: RendezvousGCThreads
Event: 15386.426 Executing VM operation: RendezvousGCThreads done
Event: 15430.734 Executing VM operation: Cleanup
Event: 15430.734 Executing VM operation: Cleanup done
Event: 15446.613 Executing VM operation: HandshakeAllThreads (HandshakeForDeflation)
Event: 15446.613 Executing VM operation: HandshakeAllThreads (HandshakeForDeflation) done
Event: 15446.613 Executing VM operation: RendezvousGCThreads
Event: 15446.613 Executing VM operation: RendezvousGCThreads done
Event: 15494.959 Executing VM operation: Cleanup
Event: 15494.959 Executing VM operation: Cleanup done

Memory protections (0 events):
No events

Nmethod flushes (0 events):
No events

Events (20 events):
Event: 15371.717 Thread 0x000001eca28b6830 Thread added: 0x000001eca2c54dc0
Event: 15371.717 Thread 0x000001eca28b6830 Thread exited: 0x000001eca28b6830
Event: 15384.178 Thread 0x000001eca2c54dc0 Thread added: 0x000001eca28b6830
Event: 15384.178 Thread 0x000001eca2c54dc0 Thread exited: 0x000001eca2c54dc0
Event: 15389.324 Thread 0x000001eca28b6830 Thread added: 0x000001eca29b78b0
Event: 15389.324 Thread 0x000001eca28b6830 Thread exited: 0x000001eca28b6830
Event: 15420.531 Thread 0x000001eca29b78b0 Thread added: 0x000001eca28b6830
Event: 15420.531 Thread 0x000001eca29b78b0 Thread exited: 0x000001eca29b78b0
Event: 15429.954 Thread 0x000001eca28b6830 Thread added: 0x000001eca29b38e0
Event: 15429.955 Thread 0x000001eca28b6830 Thread exited: 0x000001eca28b6830
Event: 15440.245 Thread 0x000001eca29b38e0 Thread added: 0x000001eca28b6830
Event: 15440.245 Thread 0x000001eca29b38e0 Thread exited: 0x000001eca29b38e0
Event: 15445.325 Thread 0x000001eca28b6830 Thread added: 0x000001eca29b38e0
Event: 15445.325 Thread 0x000001eca28b6830 Thread exited: 0x000001eca28b6830
Event: 15494.054 Thread 0x000001eca2033e80 Thread added: 0x000001eca28b6830
Event: 15494.094 Thread 0x000001eca2033e80 Thread added: 0x000001eca29b3f50
Event: 15496.265 Thread 0x000001eca29b3f50 Thread exited: 0x000001eca29b3f50
Event: 15496.266 Thread 0x000001eca28b6830 Thread exited: 0x000001eca28b6830
Event: 15498.149 Thread 0x000001eca2033e80 Thread added: 0x000001eca28b6830
Event: 15498.256 Thread 0x000001eca2033e80 Thread added: 0x000001eca29b3f50


Dynamic libraries:
0x00007ff61e4f0000 - 0x00007ff61e4fe000 	C:\Users\Marco\Downloads\BlueJ-windows-541\BlueJ\jdk\bin\java.exe
0x00007ff946040000 - 0x00007ff946249000 	C:\Windows\SYSTEM32\ntdll.dll
0x00007ff944f50000 - 0x00007ff94500d000 	C:\Windows\System32\KERNEL32.DLL
0x00007ff943920000 - 0x00007ff943ca4000 	C:\Windows\System32\KERNELBASE.dll
0x00007ff943570000 - 0x00007ff943681000 	C:\Windows\System32\ucrtbase.dll
0x00007ff933500000 - 0x00007ff93351b000 	C:\Users\Marco\Downloads\BlueJ-windows-541\BlueJ\jdk\bin\VCRUNTIME140.dll
0x00007ff937e60000 - 0x00007ff937e78000 	C:\Users\Marco\Downloads\BlueJ-windows-541\BlueJ\jdk\bin\jli.dll
0x00007ff945ba0000 - 0x00007ff945d4d000 	C:\Windows\System32\USER32.dll
0x00007ff931cd0000 - 0x00007ff931f75000 	C:\Windows\WinSxS\amd64_microsoft.windows.common-controls_6595b64144ccf1df_6.0.22000.120_none_9d947278b86cc467\COMCTL32.dll
0x00007ff9438f0000 - 0x00007ff943916000 	C:\Windows\System32\win32u.dll
0x00007ff945a70000 - 0x00007ff945b13000 	C:\Windows\System32\msvcrt.dll
0x00007ff945db0000 - 0x00007ff945dda000 	C:\Windows\System32\GDI32.dll
0x00007ff943d70000 - 0x00007ff943e8e000 	C:\Windows\System32\gdi32full.dll
0x00007ff9434d0000 - 0x00007ff94356d000 	C:\Windows\System32\msvcp_win.dll
0x00007ff945900000 - 0x00007ff945931000 	C:\Windows\System32\IMM32.DLL
0x00007ff93d9a0000 - 0x00007ff93d9ac000 	C:\Users\Marco\Downloads\BlueJ-windows-541\BlueJ\jdk\bin\vcruntime140_1.dll
0x00007ff92d3e0000 - 0x00007ff92d46e000 	C:\Users\Marco\Downloads\BlueJ-windows-541\BlueJ\jdk\bin\msvcp140.dll
0x00007ff8cd840000 - 0x00007ff8ce5c8000 	C:\Users\Marco\Downloads\BlueJ-windows-541\BlueJ\jdk\bin\server\jvm.dll
0x00007ff9451a0000 - 0x00007ff94524e000 	C:\Windows\System32\ADVAPI32.dll
0x00007ff945860000 - 0x00007ff9458fe000 	C:\Windows\System32\sechost.dll
0x00007ff945940000 - 0x00007ff945a61000 	C:\Windows\System32\RPCRT4.dll
0x00007ff945010000 - 0x00007ff94507f000 	C:\Windows\System32\WS2_32.dll
0x00007ff93a600000 - 0x00007ff93a633000 	C:\Windows\SYSTEM32\WINMM.dll
0x00007ff93dbf0000 - 0x00007ff93dbfa000 	C:\Windows\SYSTEM32\VERSION.dll
0x00007ff9433a0000 - 0x00007ff9433ed000 	C:\Windows\SYSTEM32\POWRPROF.dll
0x00007ff943380000 - 0x00007ff943393000 	C:\Windows\SYSTEM32\UMPDC.dll
0x00007ff942540000 - 0x00007ff942558000 	C:\Windows\SYSTEM32\kernel.appcore.dll
0x00007ff93d760000 - 0x00007ff93d76a000 	C:\Users\Marco\Downloads\BlueJ-windows-541\BlueJ\jdk\bin\jimage.dll
0x00007ff9397d0000 - 0x00007ff9399f1000 	C:\Windows\SYSTEM32\DBGHELP.DLL
0x00007ff92d300000 - 0x00007ff92d331000 	C:\Windows\SYSTEM32\dbgcore.DLL
0x00007ff943870000 - 0x00007ff9438ef000 	C:\Windows\System32\bcryptPrimitives.dll
0x00007ff939460000 - 0x00007ff93949c000 	C:\Users\Marco\Downloads\BlueJ-windows-541\BlueJ\jdk\bin\jdwp.dll
0x00007ff932d50000 - 0x00007ff932d6f000 	C:\Users\Marco\Downloads\BlueJ-windows-541\BlueJ\jdk\bin\java.dll
0x00007ff944030000 - 0x00007ff9447f5000 	C:\Windows\System32\SHELL32.dll
0x00007ff9415a0000 - 0x00007ff941e02000 	C:\Windows\SYSTEM32\windows.storage.dll
0x00007ff945250000 - 0x00007ff9455c6000 	C:\Windows\System32\combase.dll
0x00007ff941430000 - 0x00007ff941597000 	C:\Windows\SYSTEM32\wintypes.dll
0x00007ff945770000 - 0x00007ff94585a000 	C:\Windows\System32\SHCORE.dll
0x00007ff945d50000 - 0x00007ff945dad000 	C:\Windows\System32\shlwapi.dll
0x00007ff943400000 - 0x00007ff943425000 	C:\Windows\SYSTEM32\profapi.dll
0x00007ff92cb80000 - 0x00007ff92cc57000 	C:\Users\Marco\Downloads\BlueJ-windows-541\BlueJ\jdk\bin\jsvml.dll
0x00007ff9388c0000 - 0x00007ff9388cb000 	C:\Users\Marco\Downloads\BlueJ-windows-541\BlueJ\jdk\bin\dt_shmem.dll
0x00007ff93d720000 - 0x00007ff93d730000 	C:\Users\Marco\Downloads\BlueJ-windows-541\bluej\jdk\bin\net.dll
0x00007ff93eb00000 - 0x00007ff93ec14000 	C:\Windows\SYSTEM32\WINHTTP.dll
0x00007ff9429f0000 - 0x00007ff942a57000 	C:\Windows\system32\mswsock.dll
0x00007ff932d00000 - 0x00007ff932d16000 	C:\Users\Marco\Downloads\BlueJ-windows-541\bluej\jdk\bin\nio.dll
0x00007ff931920000 - 0x00007ff931938000 	C:\Users\Marco\Downloads\BlueJ-windows-541\bluej\jdk\bin\zip.dll
0x00007ff92c150000 - 0x00007ff92c2de000 	C:\Users\Marco\Downloads\BlueJ-windows-541\bluej\jdk\bin\awt.dll
0x00007ff945690000 - 0x00007ff945766000 	C:\Windows\System32\OLEAUT32.dll
0x00007ff940a10000 - 0x00007ff940aa2000 	C:\Windows\SYSTEM32\apphelp.dll
0x00007ff940b90000 - 0x00007ff940c3c000 	C:\Windows\system32\uxtheme.dll
0x00007ff945080000 - 0x00007ff94519d000 	C:\Windows\System32\MSCTF.dll
0x00007ff943e90000 - 0x00007ff94402a000 	C:\Windows\System32\ole32.dll
0x00007ff940f20000 - 0x00007ff940f4f000 	C:\Windows\system32\DWMAPI.DLL
0x00007ff931050000 - 0x00007ff931151000 	C:\Windows\system32\opengl32.dll
0x00007ff933790000 - 0x00007ff9337bd000 	C:\Windows\SYSTEM32\GLU32.dll
0x00007ff940cc0000 - 0x00007ff940cf8000 	C:\Windows\SYSTEM32\dxcore.dll

dbghelp: loaded successfully - version: 4.0.5 - missing functions: none
symbol engine: initialized successfully - sym options: 0x614 - pdb path: .;C:\Users\Marco\Downloads\BlueJ-windows-541\BlueJ\jdk\bin;C:\Windows\SYSTEM32;C:\Windows\WinSxS\amd64_microsoft.windows.common-controls_6595b64144ccf1df_6.0.22000.120_none_9d947278b86cc467;C:\Users\Marco\Downloads\BlueJ-windows-541\BlueJ\jdk\bin\server

VM Arguments:
jvm_args: -ea -agentlib:jdwp=transport=dt_shmem,address=javadebug -Dfile.encoding=UTF-8 
java_command: bluej.runtime.ExecServer UTF-8
java_class_path (initial): C:\Users\Marco\Downloads\BlueJ-windows-541\bluej\lib\bluejcore.jar;C:\Users\Marco\Downloads\BlueJ-windows-541\bluej\lib\javafx-base-21.0.3-win.jar;C:\Users\Marco\Downloads\BlueJ-windows-541\bluej\lib\javafx-controls-21.0.3-win.jar;C:\Users\Marco\Downloads\BlueJ-windows-541\bluej\lib\javafx-fxml-21.0.3-win.jar;C:\Users\Marco\Downloads\BlueJ-windows-541\bluej\lib\javafx-graphics-21.0.3-win.jar;C:\Users\Marco\Downloads\BlueJ-windows-541\bluej\lib\javafx-media-21.0.3-win.jar;C:\Users\Marco\Downloads\BlueJ-windows-541\bluej\lib\javafx-swing-21.0.3-win.jar;C:\Users\Marco\Downloads\BlueJ-windows-541\bluej\lib\javafx-web-21.0.3-win.jar;C:\Users\Marco\Downloads\BlueJ-windows-541\bluej\lib\junit-4.12.jar;C:\Users\Marco\Downloads\BlueJ-windows-541\bluej\lib\junit-jupiter-5.5.2.jar;C:\Users\Marco\Downloads\BlueJ-windows-541\bluej\lib\junit-jupiter-api-5.5.2.jar;C:\Users\Marco\Downloads\BlueJ-windows-541\bluej\lib\junit-jupiter-engine-5.5.2.jar;C:\Users\Marco\Downloads\BlueJ-windows-541\bluej\lib\junit-jupiter-params-5.5.2.jar;C:\Users\Marco\Downloads\BlueJ-windows-541\bluej\lib\junit-platform-commons-1.5.2.jar;C:\Users\Marco\Downloads\BlueJ-windows-541\bluej\lib\junit-platform-engine-1.5.2.jar;C:\Users\Marco\Downloads\BlueJ-windows-541\bluej\lib\junit-platform-launcher-1.5.2.jar;C:\Users\Marco\Downloads\BlueJ-windows-541\bluej\lib\junit-platform-suite-api-1.5.2.jar;C:\Users\Marco\Downloads\BlueJ-windows-541\bluej\lib\junit-vintage-engine-5.5.2.jar;C:\Users\Marco\Downloads\BlueJ-windows-541\bluej\lib\hamcrest-core-1.3.jar;C:\Users\Marco\Downloads\BlueJ-windows-541\bluej\lib\opentest4j-1.2.0.jar;C:\Users\Marco\Downloads\BlueJ-windows-541\bluej\lib\lang-stride.jar;C:\Users\Marco\Downloads\BlueJ-windows-541\bluej\lib\javafx\javafx.base.jar;C:\Users\Marco\Downloads\BlueJ-windows-541\bluej\lib\javafx\javafx.controls.jar;C:\Users\Marco\Downloads\BlueJ-windows-541\bluej\lib\javafx\javafx.fxml.jar;C:\Users\Marco\Downloads\BlueJ-windows-541\bluej\lib\javafx\javafx.graphics.jar;C:\Users\Marco\Downloads\BlueJ-windows-541\bluej\lib\javafx\javafx.media.jar;C:\Users\Marco\Downloads\BlueJ-windows-541\bluej\lib\javafx\javafx.properties.jar;C:\Users\Marco\Downloads\BlueJ-windows-541\bluej\lib\javafx\javafx.swing.jar;C:\Users\Marco\Downloads\BlueJ-windows-541\bluej\lib\javafx\javafx.web.jar
Launcher Type: SUN_STANDARD

[Global flags]
     intx CICompilerCount                          = 3                                         {product} {ergonomic}
     uint ConcGCThreads                            = 1                                         {product} {ergonomic}
     uint G1ConcRefinementThreads                  = 4                                         {product} {ergonomic}
   size_t G1HeapRegionSize                         = 1048576                                   {product} {ergonomic}
    uintx GCDrainStackTargetSize                   = 64                                        {product} {ergonomic}
   size_t InitialHeapSize                          = 134217728                                 {product} {ergonomic}
   size_t MarkStackSize                            = 4194304                                   {product} {ergonomic}
   size_t MaxHeapSize                              = 2136997888                                {product} {ergonomic}
   size_t MaxNewSize                               = 1281359872                                {product} {ergonomic}
   size_t MinHeapDeltaBytes                        = 1048576                                   {product} {ergonomic}
   size_t MinHeapSize                              = 8388608                                   {product} {ergonomic}
    uintx NonNMethodCodeHeapSize                   = 5832780                                {pd product} {ergonomic}
    uintx NonProfiledCodeHeapSize                  = 122912730                              {pd product} {ergonomic}
    uintx ProfiledCodeHeapSize                     = 122912730                              {pd product} {ergonomic}
    uintx ReservedCodeCacheSize                    = 251658240                              {pd product} {ergonomic}
     bool SegmentedCodeCache                       = true                                      {product} {ergonomic}
   size_t SoftMaxHeapSize                          = 2136997888                             {manageable} {ergonomic}
     bool UseCompressedOops                        = true                           {product lp64_product} {ergonomic}
     bool UseG1GC                                  = true                                      {product} {ergonomic}
     bool UseLargePagesIndividualAllocation        = false                                  {pd product} {ergonomic}

Logging:
Log output configuration:
 #0: stdout all=warning uptime,level,tags foldmultilines=false
 #1: stderr all=off uptime,level,tags foldmultilines=false

Environment Variables:
PATH=C:\Program Files\Common Files\Oracle\Java\javapath;C:\Windows\system32;C:\Windows;C:\Windows\System32\Wbem;C:\Windows\System32\WindowsPowerShell\v1.0\;C:\Windows\System32\OpenSSH\;C:\Program Files (x86)\NVIDIA Corporation\PhysX\Common;C:\Program Files\Git\cmd;C:\Program Files\NVIDIA Corporation\NVIDIA app\NvDLISR;C:\Users\Marco\AppData\Local\Microsoft\WindowsApps;C:\Users\Marco\AppData\Local\Programs\Microsoft VS Code\bin;C:\Users\Marco\AppData\Local\GitHubDesktop\bin
USERNAME=Marco
OS=Windows_NT
PROCESSOR_IDENTIFIER=Intel64 Family 6 Model 60 Stepping 3, GenuineIntel
TMP=C:\Users\Marco\AppData\Local\Temp
TEMP=C:\Users\Marco\AppData\Local\Temp




Periodic native trim disabled

---------------  S Y S T E M  ---------------

OS:
 Windows 11 , 64 bit Build 22000 (10.0.22000.2538)
OS uptime: 32 days 4:09 hours

CPU: total 4 (initial active 4) (4 cores per cpu, 1 threads per core) family 6 model 60 stepping 3 microcode 0x28, cx8, cmov, fxsr, mmx, sse, sse2, sse3, ssse3, sse4.1, sse4.2, popcnt, lzcnt, tsc, tscinvbit, avx, avx2, aes, erms, clmul, bmi1, bmi2, fma, vzeroupper, clflush, rdtscp, f16c
Processor Information for all 4 processors :
  Max Mhz: 3301, Current Mhz: 3301, Mhz Limit: 3301

Memory: 4k page, system-wide physical 8147M (1741M free)
TotalPageFile size 12240M (AvailPageFile size 2851M)
current process WorkingSet (physical memory assigned to process): 34M, peak: 59M
current process commit charge ("private bytes"): 220M, peak: 221M

vm_info: OpenJDK 64-Bit Server VM (21.0.4+7-LTS) for windows-amd64 JRE (21.0.4+7-LTS), built on 2024-07-16T00:00:00Z by "admin" with MS VC++ 17.7 (VS2022)

END.
